DEBUG:root:  T1: 488.15
DEBUG:root:  T2: 348.15
DEBUG:root:  t1: 303.15
DEBUG:root:  t2: 341.15
DEBUG:root:  wf: 25.27
DEBUG:root:  wq: None
DEBUG:root:  cp_quente: 2470
DEBUG:root:  cp_frio: 2050
DEBUG:root:  num_casco: 1
DEBUG:root:  rho_q: 730
DEBUG:root:  rho_f: 820
DEBUG:root:  mi_f: 0.0032
DEBUG:root:  mi_q: 0.0004
DEBUG:root:  k_q: 0.132
DEBUG:root:  k_f: 0.134
DEBUG:root:  tipo_q: Petroleum
DEBUG:root:  tipo_f: Kerosene
DEBUG:root:  Rd_f: 0.0004
DEBUG:root:  Rd_q: 0.0002
DEBUG:root:  q: 1968533.0
DEBUG:root:  wq: 5.692692307692307
DEBUG:root:  mldt: 86.16537979610308
DEBUG:root:  R: 3.6842105263157894
DEBUG:root:  S: 0.20540540540540542
DEBUG:root:  F: 0.8539436258974061
DEBUG:root:  deltaT: 73.58037684991136
DEBUG:root:  n: 2
DEBUG:root:  Ds: 0.6
DEBUG:root:  a_tubos: quadrado
DEBUG:root:  de: 0.019049999999999997
DEBUG:root:  passo: 0.0254
DEBUG:root:  Nt: 321
DEBUG:root:  Dotl: 0.5461
DEBUG:root:  Nt: 400
DEBUG:root:  L: 5
DEBUG:root:  A_proj: 119.69468010177111
